<?xml version="1.0" encoding="UTF-8"?>
<!-- Generated by org.testng.reporters.JUnitReportReporter -->
<testsuite hostname="DESKTOP-L8ROV9T" failures="0" tests="3" name="test_Package.testNG_ClassB" time="0.016" errors="0" timestamp="2022-09-09T23:16:34 IST" skipped="0">
  <testcase classname="test_Package.testNG_ClassB" name="testA" time="0.009"/>
  <system-out/>
  <testcase classname="test_Package.testNG_ClassB" name="testB" time="0.002"/>
  <system-out/>
  <testcase classname="test_Package.testNG_ClassB" name="testC" time="0.005"/>
  <system-out/>
</testsuite> <!-- test_Package.testNG_ClassB -->
