<?xml version="1.0" encoding="UTF-8"?>
<!-- Generated by org.testng.reporters.JUnitReportReporter -->
<testsuite hostname="DESKTOP-L8ROV9T" failures="0" tests="3" name="test_Package.testNG" time="0.018" errors="0" timestamp="2022-09-09T22:24:11 IST" skipped="0">
  <testcase classname="test_Package.testNG" name="testA" time="0.008"/>
  <system-out/>
  <testcase classname="test_Package.testNG" name="testC" time="0.002"/>
  <system-out/>
  <testcase classname="test_Package.testNG" name="testB" time="0.008"/>
  <system-out/>
</testsuite> <!-- test_Package.testNG -->
